Using pre-set license
Built from '2020.2/staging' branch; Version is '2020.2.6f1 (8a2143876886) revision 9052483'; Using compiler version '192528614'; Build Type 'Release'
OS: 'Windows 10 Home; OS build 19042.1348; Version 2009; 64bit' Language: 'en' Physical Memory: 16197 MB
BatchMode: 1, IsHumanControllingUs: 0, StartBugReporterOnCrash: 0, Is64bit: 1, IsPro: 0

 COMMAND LINE ARGUMENTS:
C:\Program Files\Unity\Hub\Editor\2020.2.6f1\Editor\Unity.exe
-adb2
-batchMode
-noUpm
-name
AssetImportWorker0
-projectPath
C:/Users/laksh/Documents/CSC/Assesment roguelike
-logFile
Logs/AssetImportWorker0.log
-srvPort
50855
Successfully changed project path to: C:/Users/laksh/Documents/CSC/Assesment roguelike
C:/Users/laksh/Documents/CSC/Assesment roguelike
Using Asset Import Pipeline V2.
Refreshing native plugins compatible for Editor in 76.91 ms, found 1 plugins.
Preloading 0 native plugins for Editor in 0.00 ms.
Initialize engine version: 2020.2.6f1 (8a2143876886)
[Subsystems] Discovering subsystems at path C:/Program Files/Unity/Hub/Editor/2020.2.6f1/Editor/Data/Resources/UnitySubsystems
[Subsystems] Discovering subsystems at path C:/Users/laksh/Documents/CSC/Assesment roguelike/Assets
GfxDevice: creating device client; threaded=0
Direct3D:
    Version:  Direct3D 11.0 [level 11.1]
    Renderer: NVIDIA GeForce MX150 (ID=0x1d12)
    Vendor:   
    VRAM:     1983 MB
    Driver:   27.21.14.6259
Initialize mono
Mono path[0] = 'C:/Program Files/Unity/Hub/Editor/2020.2.6f1/Editor/Data/Managed'
Mono path[1] = 'C:/Program Files/Unity/Hub/Editor/2020.2.6f1/Editor/Data/MonoBleedingEdge/lib/mono/unityjit'
Mono config path = 'C:/Program Files/Unity/Hub/Editor/2020.2.6f1/Editor/Data/MonoBleedingEdge/etc'
Using monoOptions --debugger-agent=transport=dt_socket,embedding=1,server=y,suspend=n,address=127.0.0.1:56604
Begin MonoManager ReloadAssembly
Registering precompiled unity dll's ...
Register platform support module: C:/Program Files/Unity/Hub/Editor/2020.2.6f1/Editor/Data/PlaybackEngines/WindowsStandaloneSupport/UnityEditor.WindowsStandalone.Extensions.dll
Registered in 0.004434 seconds.
Native extension for WindowsStandalone target not found
Refreshing native plugins compatible for Editor in 88.77 ms, found 1 plugins.
Preloading 0 native plugins for Editor in 0.00 ms.
Invoked RoslynAnalysisRunner static constructor.
RoslynAnalysisRunner will not be running.
RoslynAnalysisRunner has terminated.
Mono: successfully reloaded assembly
- Completed reload, in  2.206 seconds
Platform modules already initialized, skipping
Registering precompiled user dll's ...
Registered in 0.002180 seconds.
Begin MonoManager ReloadAssembly
Native extension for WindowsStandalone target not found
Refreshing native plugins compatible for Editor in 79.55 ms, found 1 plugins.
Preloading 0 native plugins for Editor in 0.00 ms.
Invoked RoslynAnalysisRunner static constructor.
RoslynAnalysisRunner will not be running.
RoslynAnalysisRunner has terminated.
Mono: successfully reloaded assembly
- Completed reload, in  1.590 seconds
Platform modules already initialized, skipping
========================================================================
Worker process is ready to serve import requests
Launched and connected shader compiler UnityShaderCompiler.exe after 0.08 seconds
Refreshing native plugins compatible for Editor in 0.68 ms, found 1 plugins.
Preloading 0 native plugins for Editor in 0.00 ms.
Unloading 2010 Unused Serialized files (Serialized files now loaded: 0)
System memory in use before: 93.6 MB.
System memory in use after: 93.7 MB.

Unloading 20 unused Assets to reduce memory usage. Loaded Objects now: 2461.
Total: 3.337900 ms (FindLiveObjects: 0.313600 ms CreateObjectMapping: 0.129600 ms MarkObjects: 2.785100 ms  DeleteObjects: 0.107500 ms)

========================================================================
Received Import Request.
  path: Assets/Scenes/Dungeon1.unity
  artifactKey: Guid(2cda990e2423bbf4892e6590ba056729) Importer(815301076,1909f56bfc062723c751e8b465ee728b)
Start importing Assets/Scenes/Dungeon1.unity using Guid(2cda990e2423bbf4892e6590ba056729) Importer(815301076,1909f56bfc062723c751e8b465ee728b)  -> (artifact id: 'db4c7669e072e5292ddbe13dc666f292') in 0.019768 seconds
  Import took 0.025401 seconds .

========================================================================
Received Prepare
Registering precompiled user dll's ...
Registered in 0.002663 seconds.
Begin MonoManager ReloadAssembly
Native extension for WindowsStandalone target not found
Refreshing native plugins compatible for Editor in 0.61 ms, found 1 plugins.
Preloading 0 native plugins for Editor in 0.00 ms.
Invoked RoslynAnalysisRunner static constructor.
RoslynAnalysisRunner will not be running.
RoslynAnalysisRunner has terminated.
Mono: successfully reloaded assembly
- Completed reload, in  1.428 seconds
Platform modules already initialized, skipping
Refreshing native plugins compatible for Editor in 0.60 ms, found 1 plugins.
Preloading 0 native plugins for Editor in 0.00 ms.
Unloading 1986 Unused Serialized files (Serialized files now loaded: 0)
System memory in use before: 92.1 MB.
System memory in use after: 92.2 MB.

Unloading 9 unused Assets to reduce memory usage. Loaded Objects now: 2463.
Total: 3.506400 ms (FindLiveObjects: 0.303900 ms CreateObjectMapping: 0.204600 ms MarkObjects: 2.966600 ms  DeleteObjects: 0.029400 ms)

========================================================================
Received Import Request.
  Time since last request: 1556.033296 seconds.
  path: Assets/Scripts/spell.cs
  artifactKey: Guid(2a5db501864f7704cb8f40317101dd29) Importer(815301076,1909f56bfc062723c751e8b465ee728b)
Start importing Assets/Scripts/spell.cs using Guid(2a5db501864f7704cb8f40317101dd29) Importer(815301076,1909f56bfc062723c751e8b465ee728b)  -> (artifact id: '9d601988506af9ee622732d607ec0435') in 0.061481 seconds
  Import took 0.067622 seconds .

========================================================================
Received Prepare
Registering precompiled user dll's ...
Registered in 0.002238 seconds.
Begin MonoManager ReloadAssembly
Native extension for WindowsStandalone target not found
Refreshing native plugins compatible for Editor in 0.72 ms, found 1 plugins.
Preloading 0 native plugins for Editor in 0.00 ms.
Invoked RoslynAnalysisRunner static constructor.
RoslynAnalysisRunner will not be running.
RoslynAnalysisRunner has terminated.
Mono: successfully reloaded assembly
- Completed reload, in  1.613 seconds
Platform modules already initialized, skipping
Refreshing native plugins compatible for Editor in 0.75 ms, found 1 plugins.
Preloading 0 native plugins for Editor in 0.00 ms.
Unloading 1986 Unused Serialized files (Serialized files now loaded: 0)
System memory in use before: 92.2 MB.
System memory in use after: 92.3 MB.

Unloading 9 unused Assets to reduce memory usage. Loaded Objects now: 2465.
Total: 3.364800 ms (FindLiveObjects: 0.595900 ms CreateObjectMapping: 0.167000 ms MarkObjects: 2.549300 ms  DeleteObjects: 0.040000 ms)

========================================================================
Received Import Request.
  Time since last request: 16.681665 seconds.
  path: Assets/Scripts/Knockback.cs
  artifactKey: Guid(04dcff6a9533dd944bd1710b69db81ec) Importer(815301076,1909f56bfc062723c751e8b465ee728b)
Start importing Assets/Scripts/Knockback.cs using Guid(04dcff6a9533dd944bd1710b69db81ec) Importer(815301076,1909f56bfc062723c751e8b465ee728b)  -> (artifact id: 'dce359cb53505c6e3f88b443355b4d4d') in 0.012729 seconds
  Import took 0.018741 seconds .

========================================================================
Received Prepare
Registering precompiled user dll's ...
Registered in 0.003358 seconds.
Begin MonoManager ReloadAssembly
Native extension for WindowsStandalone target not found
Refreshing native plugins compatible for Editor in 0.75 ms, found 1 plugins.
Preloading 0 native plugins for Editor in 0.00 ms.
Invoked RoslynAnalysisRunner static constructor.
RoslynAnalysisRunner will not be running.
RoslynAnalysisRunner has terminated.
Mono: successfully reloaded assembly
- Completed reload, in  1.401 seconds
Platform modules already initialized, skipping
Refreshing native plugins compatible for Editor in 0.64 ms, found 1 plugins.
Preloading 0 native plugins for Editor in 0.00 ms.
Unloading 1986 Unused Serialized files (Serialized files now loaded: 0)
System memory in use before: 92.2 MB.
System memory in use after: 92.3 MB.

Unloading 9 unused Assets to reduce memory usage. Loaded Objects now: 2467.
Total: 3.267800 ms (FindLiveObjects: 0.431700 ms CreateObjectMapping: 0.204700 ms MarkObjects: 2.604000 ms  DeleteObjects: 0.025000 ms)

========================================================================
Received Import Request.
  Time since last request: 44.641321 seconds.
  path: Assets/Scripts/Knockback.cs
  artifactKey: Guid(04dcff6a9533dd944bd1710b69db81ec) Importer(815301076,1909f56bfc062723c751e8b465ee728b)
Start importing Assets/Scripts/Knockback.cs using Guid(04dcff6a9533dd944bd1710b69db81ec) Importer(815301076,1909f56bfc062723c751e8b465ee728b)  -> (artifact id: '37aa46bc2c53f689bec119f1f2eca810') in 0.007629 seconds
  Import took 0.012358 seconds .

========================================================================
Received Import Request.
  Time since last request: 2316.955717 seconds.
  path: Assets/Scenes/Lobby
  artifactKey: Guid(a744288f5a50ab041936d5cdda103fea) Importer(815301076,1909f56bfc062723c751e8b465ee728b)
Start importing Assets/Scenes/Lobby using Guid(a744288f5a50ab041936d5cdda103fea) Importer(815301076,1909f56bfc062723c751e8b465ee728b)  -> (artifact id: 'c21373ba5455a0cf817aa59bb2dc3544') in 0.008520 seconds
  Import took 0.016959 seconds .

========================================================================
Received Import Request.
  Time since last request: 1.966148 seconds.
  path: Assets/Scenes/Lobby.unity
  artifactKey: Guid(42bc2fd36e4c6db41bedcdfdd0a894bd) Importer(815301076,1909f56bfc062723c751e8b465ee728b)
Start importing Assets/Scenes/Lobby.unity using Guid(42bc2fd36e4c6db41bedcdfdd0a894bd) Importer(815301076,1909f56bfc062723c751e8b465ee728b)  -> (artifact id: '9e207fe5743e372f1282159f07378b7a') in 0.020765 seconds
  Import took 0.027214 seconds .

========================================================================
Received Prepare
Registering precompiled user dll's ...
Registered in 0.001547 seconds.
Begin MonoManager ReloadAssembly
Native extension for WindowsStandalone target not found
Refreshing native plugins compatible for Editor in 1.35 ms, found 1 plugins.
Preloading 0 native plugins for Editor in 0.00 ms.
Invoked RoslynAnalysisRunner static constructor.
RoslynAnalysisRunner will not be running.
RoslynAnalysisRunner has terminated.
Mono: successfully reloaded assembly
- Completed reload, in  2.459 seconds
Platform modules already initialized, skipping
Refreshing native plugins compatible for Editor in 1.28 ms, found 1 plugins.
Preloading 0 native plugins for Editor in 0.00 ms.
Unloading 1986 Unused Serialized files (Serialized files now loaded: 0)
System memory in use before: 92.2 MB.
System memory in use after: 92.3 MB.

Unloading 9 unused Assets to reduce memory usage. Loaded Objects now: 2469.
Total: 1326.718200 ms (FindLiveObjects: 2.182000 ms CreateObjectMapping: 0.302500 ms MarkObjects: 1324.109900 ms  DeleteObjects: 0.120500 ms)

========================================================================
Received Prepare
Refreshing native plugins compatible for Editor in 4.69 ms, found 1 plugins.
Preloading 0 native plugins for Editor in 0.00 ms.
Unloading 6 Unused Serialized files (Serialized files now loaded: 0)
System memory in use before: 53.0 MB.
System memory in use after: 53.1 MB.

Unloading 5 unused Assets to reduce memory usage. Loaded Objects now: 2469.
Total: 3.847300 ms (FindLiveObjects: 0.639600 ms CreateObjectMapping: 0.271400 ms MarkObjects: 2.906900 ms  DeleteObjects: 0.026900 ms)

========================================================================
Received Import Request.
  Time since last request: 207.708325 seconds.
  path: Assets/Scenes/Dungeon2.unity
  artifactKey: Guid(49819b89c930d7449ba434dd3dc4261b) Importer(815301076,1909f56bfc062723c751e8b465ee728b)
Start importing Assets/Scenes/Dungeon2.unity using Guid(49819b89c930d7449ba434dd3dc4261b) Importer(815301076,1909f56bfc062723c751e8b465ee728b)  -> (artifact id: 'eac974d022e45bcd28aef1ae1e9406df') in 0.022569 seconds
  Import took 0.029916 seconds .

========================================================================
Received Prepare
Registering precompiled user dll's ...
Registered in 0.001777 seconds.
Begin MonoManager ReloadAssembly
Native extension for WindowsStandalone target not found
Refreshing native plugins compatible for Editor in 0.60 ms, found 1 plugins.
Preloading 0 native plugins for Editor in 0.00 ms.
Invoked RoslynAnalysisRunner static constructor.
RoslynAnalysisRunner will not be running.
RoslynAnalysisRunner has terminated.
Mono: successfully reloaded assembly
- Completed reload, in  1.270 seconds
Platform modules already initialized, skipping
Refreshing native plugins compatible for Editor in 0.63 ms, found 1 plugins.
Preloading 0 native plugins for Editor in 0.00 ms.
Unloading 1986 Unused Serialized files (Serialized files now loaded: 0)
System memory in use before: 92.2 MB.
System memory in use after: 92.4 MB.

Unloading 9 unused Assets to reduce memory usage. Loaded Objects now: 2471.
Total: 2.848300 ms (FindLiveObjects: 0.389100 ms CreateObjectMapping: 0.163500 ms MarkObjects: 2.265600 ms  DeleteObjects: 0.028400 ms)

========================================================================
Received Prepare
Registering precompiled user dll's ...
Registered in 0.002609 seconds.
Begin MonoManager ReloadAssembly
Native extension for WindowsStandalone target not found
Refreshing native plugins compatible for Editor in 0.68 ms, found 1 plugins.
Preloading 0 native plugins for Editor in 0.00 ms.
Invoked RoslynAnalysisRunner static constructor.
RoslynAnalysisRunner will not be running.
RoslynAnalysisRunner has terminated.
Mono: successfully reloaded assembly
- Completed reload, in  1.278 seconds
Platform modules already initialized, skipping
Refreshing native plugins compatible for Editor in 0.65 ms, found 1 plugins.
Preloading 0 native plugins for Editor in 0.00 ms.
Unloading 1986 Unused Serialized files (Serialized files now loaded: 0)
System memory in use before: 92.2 MB.
System memory in use after: 92.4 MB.

Unloading 9 unused Assets to reduce memory usage. Loaded Objects now: 2473.
Total: 3.352400 ms (FindLiveObjects: 0.398100 ms CreateObjectMapping: 0.160800 ms MarkObjects: 2.764400 ms  DeleteObjects: 0.027400 ms)

========================================================================
Received Import Request.
  Time since last request: 68.149147 seconds.
  path: Assets/Scripts/player.cs
  artifactKey: Guid(75eabd3724645be4cbfb472f5d5627d4) Importer(815301076,1909f56bfc062723c751e8b465ee728b)
Start importing Assets/Scripts/player.cs using Guid(75eabd3724645be4cbfb472f5d5627d4) Importer(815301076,1909f56bfc062723c751e8b465ee728b)  -> (artifact id: '28fc512fbf197c1409332703d1582f7c') in 0.013201 seconds
  Import took 0.020257 seconds .

========================================================================
Received Import Request.
  Time since last request: 0.005839 seconds.
  path: Assets/Scripts/player.cs
  artifactKey: Guid(75eabd3724645be4cbfb472f5d5627d4) Importer(815301076,1909f56bfc062723c751e8b465ee728b)
Start importing Assets/Scripts/player.cs using Guid(75eabd3724645be4cbfb472f5d5627d4) Importer(815301076,1909f56bfc062723c751e8b465ee728b)  -> (artifact id: '28fc512fbf197c1409332703d1582f7c') in 0.005921 seconds
  Import took 0.011108 seconds .

========================================================================
Received Prepare
Registering precompiled user dll's ...
Registered in 0.002959 seconds.
Begin MonoManager ReloadAssembly
Native extension for WindowsStandalone target not found
Refreshing native plugins compatible for Editor in 1.02 ms, found 1 plugins.
Preloading 0 native plugins for Editor in 0.00 ms.
Invoked RoslynAnalysisRunner static constructor.
RoslynAnalysisRunner will not be running.
RoslynAnalysisRunner has terminated.
Mono: successfully reloaded assembly
- Completed reload, in  1.297 seconds
Platform modules already initialized, skipping
Refreshing native plugins compatible for Editor in 0.62 ms, found 1 plugins.
Preloading 0 native plugins for Editor in 0.00 ms.
Unloading 1986 Unused Serialized files (Serialized files now loaded: 0)
System memory in use before: 92.3 MB.
System memory in use after: 92.4 MB.

Unloading 9 unused Assets to reduce memory usage. Loaded Objects now: 2475.
Total: 2.683400 ms (FindLiveObjects: 0.285600 ms CreateObjectMapping: 0.117500 ms MarkObjects: 2.250600 ms  DeleteObjects: 0.027600 ms)

========================================================================
Received Prepare
Registering precompiled user dll's ...
Registered in 0.002003 seconds.
Begin MonoManager ReloadAssembly
Native extension for WindowsStandalone target not found
Refreshing native plugins compatible for Editor in 0.69 ms, found 1 plugins.
Preloading 0 native plugins for Editor in 0.00 ms.
Invoked RoslynAnalysisRunner static constructor.
RoslynAnalysisRunner will not be running.
RoslynAnalysisRunner has terminated.
Mono: successfully reloaded assembly
- Completed reload, in  1.162 seconds
Platform modules already initialized, skipping
Refreshing native plugins compatible for Editor in 0.63 ms, found 1 plugins.
Preloading 0 native plugins for Editor in 0.00 ms.
Unloading 1986 Unused Serialized files (Serialized files now loaded: 0)
System memory in use before: 92.3 MB.
System memory in use after: 92.4 MB.

Unloading 9 unused Assets to reduce memory usage. Loaded Objects now: 2477.
Total: 2.853700 ms (FindLiveObjects: 0.662000 ms CreateObjectMapping: 0.121300 ms MarkObjects: 2.027800 ms  DeleteObjects: 0.040900 ms)

========================================================================
Received Prepare
Registering precompiled user dll's ...
Registered in 0.002171 seconds.
Begin MonoManager ReloadAssembly
Native extension for WindowsStandalone target not found
Refreshing native plugins compatible for Editor in 1.39 ms, found 1 plugins.
Preloading 0 native plugins for Editor in 0.00 ms.
Invoked RoslynAnalysisRunner static constructor.
RoslynAnalysisRunner will not be running.
RoslynAnalysisRunner has terminated.
Mono: successfully reloaded assembly
- Completed reload, in  1.468 seconds
Platform modules already initialized, skipping
Refreshing native plugins compatible for Editor in 1.07 ms, found 1 plugins.
Preloading 0 native plugins for Editor in 0.00 ms.
Unloading 1986 Unused Serialized files (Serialized files now loaded: 0)
System memory in use before: 92.3 MB.
System memory in use after: 92.4 MB.

Unloading 9 unused Assets to reduce memory usage. Loaded Objects now: 2479.
Total: 2.698500 ms (FindLiveObjects: 0.265900 ms CreateObjectMapping: 0.097100 ms MarkObjects: 2.285600 ms  DeleteObjects: 0.047200 ms)

========================================================================
Received Prepare
Registering precompiled user dll's ...
Registered in 0.002099 seconds.
Begin MonoManager ReloadAssembly
Native extension for WindowsStandalone target not found
Refreshing native plugins compatible for Editor in 0.67 ms, found 1 plugins.
Preloading 0 native plugins for Editor in 0.00 ms.
Invoked RoslynAnalysisRunner static constructor.
RoslynAnalysisRunner will not be running.
RoslynAnalysisRunner has terminated.
Mono: successfully reloaded assembly
- Completed reload, in  1.417 seconds
Platform modules already initialized, skipping
Refreshing native plugins compatible for Editor in 0.66 ms, found 1 plugins.
Preloading 0 native plugins for Editor in 0.00 ms.
Unloading 1986 Unused Serialized files (Serialized files now loaded: 0)
System memory in use before: 92.3 MB.
System memory in use after: 92.4 MB.

Unloading 9 unused Assets to reduce memory usage. Loaded Objects now: 2481.
Total: 2.685700 ms (FindLiveObjects: 0.276700 ms CreateObjectMapping: 0.094500 ms MarkObjects: 2.287300 ms  DeleteObjects: 0.025300 ms)

========================================================================
Received Prepare
Registering precompiled user dll's ...
Registered in 0.001761 seconds.
Begin MonoManager ReloadAssembly
Native extension for WindowsStandalone target not found
Refreshing native plugins compatible for Editor in 0.72 ms, found 1 plugins.
Preloading 0 native plugins for Editor in 0.00 ms.
Invoked RoslynAnalysisRunner static constructor.
RoslynAnalysisRunner will not be running.
RoslynAnalysisRunner has terminated.
Mono: successfully reloaded assembly
- Completed reload, in  1.391 seconds
Platform modules already initialized, skipping
Refreshing native plugins compatible for Editor in 1.14 ms, found 1 plugins.
Preloading 0 native plugins for Editor in 0.00 ms.
Unloading 1986 Unused Serialized files (Serialized files now loaded: 0)
System memory in use before: 92.3 MB.
System memory in use after: 92.4 MB.

Unloading 9 unused Assets to reduce memory usage. Loaded Objects now: 2483.
Total: 2.365300 ms (FindLiveObjects: 0.293300 ms CreateObjectMapping: 0.133200 ms MarkObjects: 1.912200 ms  DeleteObjects: 0.025200 ms)

========================================================================
Received Prepare
Registering precompiled user dll's ...
Registered in 0.002261 seconds.
Begin MonoManager ReloadAssembly
Native extension for WindowsStandalone target not found
Refreshing native plugins compatible for Editor in 1.28 ms, found 1 plugins.
Preloading 0 native plugins for Editor in 0.00 ms.
Invoked RoslynAnalysisRunner static constructor.
RoslynAnalysisRunner will not be running.
RoslynAnalysisRunner has terminated.
Mono: successfully reloaded assembly
- Completed reload, in  1.736 seconds
Platform modules already initialized, skipping
Refreshing native plugins compatible for Editor in 0.73 ms, found 1 plugins.
Preloading 0 native plugins for Editor in 0.00 ms.
Unloading 1986 Unused Serialized files (Serialized files now loaded: 0)
System memory in use before: 92.3 MB.
System memory in use after: 92.4 MB.

Unloading 9 unused Assets to reduce memory usage. Loaded Objects now: 2485.
Total: 4.024300 ms (FindLiveObjects: 0.497700 ms CreateObjectMapping: 0.236400 ms MarkObjects: 3.246400 ms  DeleteObjects: 0.041500 ms)

========================================================================
Received Prepare
Registering precompiled user dll's ...
Registered in 0.003375 seconds.
Begin MonoManager ReloadAssembly
Native extension for WindowsStandalone target not found
Refreshing native plugins compatible for Editor in 0.63 ms, found 1 plugins.
Preloading 0 native plugins for Editor in 0.00 ms.
Invoked RoslynAnalysisRunner static constructor.
RoslynAnalysisRunner will not be running.
RoslynAnalysisRunner has terminated.
Mono: successfully reloaded assembly
- Completed reload, in  1.362 seconds
Platform modules already initialized, skipping
Refreshing native plugins compatible for Editor in 0.66 ms, found 1 plugins.
Preloading 0 native plugins for Editor in 0.00 ms.
Unloading 1986 Unused Serialized files (Serialized files now loaded: 0)
System memory in use before: 92.3 MB.
System memory in use after: 92.4 MB.

Unloading 9 unused Assets to reduce memory usage. Loaded Objects now: 2487.
Total: 2.956900 ms (FindLiveObjects: 0.455900 ms CreateObjectMapping: 0.148300 ms MarkObjects: 2.326700 ms  DeleteObjects: 0.024300 ms)

========================================================================
Received Prepare
Registering precompiled user dll's ...
Registered in 0.002542 seconds.
Begin MonoManager ReloadAssembly
Native extension for WindowsStandalone target not found
Refreshing native plugins compatible for Editor in 0.83 ms, found 1 plugins.
Preloading 0 native plugins for Editor in 0.00 ms.
Invoked RoslynAnalysisRunner static constructor.
RoslynAnalysisRunner will not be running.
RoslynAnalysisRunner has terminated.
Mono: successfully reloaded assembly
- Completed reload, in  1.702 seconds
Platform modules already initialized, skipping
Refreshing native plugins compatible for Editor in 1.16 ms, found 1 plugins.
Preloading 0 native plugins for Editor in 0.00 ms.
Unloading 1986 Unused Serialized files (Serialized files now loaded: 0)
System memory in use before: 92.3 MB.
System memory in use after: 92.4 MB.

Unloading 9 unused Assets to reduce memory usage. Loaded Objects now: 2489.
Total: 2.581000 ms (FindLiveObjects: 0.297100 ms CreateObjectMapping: 0.122300 ms MarkObjects: 2.131600 ms  DeleteObjects: 0.028300 ms)

========================================================================
Received Prepare
Registering precompiled user dll's ...
Registered in 0.003533 seconds.
Begin MonoManager ReloadAssembly
Native extension for WindowsStandalone target not found
Refreshing native plugins compatible for Editor in 0.82 ms, found 1 plugins.
Preloading 0 native plugins for Editor in 0.00 ms.
Invoked RoslynAnalysisRunner static constructor.
RoslynAnalysisRunner will not be running.
RoslynAnalysisRunner has terminated.
Mono: successfully reloaded assembly
- Completed reload, in  1.844 seconds
Platform modules already initialized, skipping
Refreshing native plugins compatible for Editor in 0.91 ms, found 1 plugins.
Preloading 0 native plugins for Editor in 0.00 ms.
Unloading 1986 Unused Serialized files (Serialized files now loaded: 0)
System memory in use before: 92.3 MB.
System memory in use after: 92.4 MB.

Unloading 9 unused Assets to reduce memory usage. Loaded Objects now: 2491.
Total: 4.074900 ms (FindLiveObjects: 0.576700 ms CreateObjectMapping: 0.195400 ms MarkObjects: 3.262300 ms  DeleteObjects: 0.037100 ms)

========================================================================
Received Import Request.
  Time since last request: 1224.441512 seconds.
  path: Assets/Scripts/Golem.cs
  artifactKey: Guid(f14c2691bf1749440a8ac9324d736cb1) Importer(815301076,1909f56bfc062723c751e8b465ee728b)
Start importing Assets/Scripts/Golem.cs using Guid(f14c2691bf1749440a8ac9324d736cb1) Importer(815301076,1909f56bfc062723c751e8b465ee728b)  -> (artifact id: '69b4cab2f673eeff2a769a21dad45cbc') in 0.016191 seconds
  Import took 0.023141 seconds .

========================================================================
Received Import Request.
  Time since last request: 5.419752 seconds.
  path: Assets/Scripts/GolemBoss.cs
  artifactKey: Guid(d172b9c954533a540a15833318dfe04f) Importer(815301076,1909f56bfc062723c751e8b465ee728b)
Start importing Assets/Scripts/GolemBoss.cs using Guid(d172b9c954533a540a15833318dfe04f) Importer(815301076,1909f56bfc062723c751e8b465ee728b)  -> (artifact id: '9188a967e1deeae54c814f2ef2100f82') in 0.009219 seconds
  Import took 0.015598 seconds .

========================================================================
Received Prepare
Registering precompiled user dll's ...
Registered in 0.002706 seconds.
Begin MonoManager ReloadAssembly
Native extension for WindowsStandalone target not found
Refreshing native plugins compatible for Editor in 0.66 ms, found 1 plugins.
Preloading 0 native plugins for Editor in 0.00 ms.
Invoked RoslynAnalysisRunner static constructor.
RoslynAnalysisRunner will not be running.
RoslynAnalysisRunner has terminated.
Mono: successfully reloaded assembly
- Completed reload, in  1.323 seconds
Platform modules already initialized, skipping
Refreshing native plugins compatible for Editor in 1.10 ms, found 1 plugins.
Preloading 0 native plugins for Editor in 0.00 ms.
Unloading 1986 Unused Serialized files (Serialized files now loaded: 0)
System memory in use before: 92.3 MB.
System memory in use after: 92.4 MB.

Unloading 9 unused Assets to reduce memory usage. Loaded Objects now: 2493.
Total: 3.481100 ms (FindLiveObjects: 0.474600 ms CreateObjectMapping: 0.155100 ms MarkObjects: 2.784100 ms  DeleteObjects: 0.064800 ms)

========================================================================
Received Import Request.
  Time since last request: 42.114826 seconds.
  path: Assets/Scripts/GolemBoss.cs
  artifactKey: Guid(d172b9c954533a540a15833318dfe04f) Importer(815301076,1909f56bfc062723c751e8b465ee728b)
Start importing Assets/Scripts/GolemBoss.cs using Guid(d172b9c954533a540a15833318dfe04f) Importer(815301076,1909f56bfc062723c751e8b465ee728b)  -> (artifact id: 'ad93b61acdf29fefd2176d0fd8ada476') in 0.009961 seconds
  Import took 0.015121 seconds .

========================================================================
Received Prepare
Refreshing native plugins compatible for Editor in 4.27 ms, found 1 plugins.
Preloading 0 native plugins for Editor in 0.00 ms.
Unloading 6 Unused Serialized files (Serialized files now loaded: 0)
System memory in use before: 53.1 MB.
System memory in use after: 53.2 MB.

Unloading 5 unused Assets to reduce memory usage. Loaded Objects now: 2493.
Total: 4.158300 ms (FindLiveObjects: 0.299600 ms CreateObjectMapping: 0.136700 ms MarkObjects: 3.675000 ms  DeleteObjects: 0.044800 ms)

AssetImportWorkerClient::OnTransportError - code=2 error=End of file
